<?xml version="1.0" encoding="UTF-8"?>
<!-- Generated by org.testng.reporters.JUnitXMLReporter -->
<testsuite ignored="0" hostname="Ajit" failures="0" tests="3" name="Default test" time="4.7" errors="0" timestamp="2025-12-11T12:33:41 IST">
  <testcase classname="SimpleTestNGProjectWithCICD.SimpleTestNGProjectWithCICD.AppTest" name="testValidCheckoutFlow" time="1.027"/>
  <testcase classname="SimpleTestNGProjectWithCICD.SimpleTestNGProjectWithCICD.AppTest" name="testInvalidPassword" time="0.321"/>
  <testcase classname="SimpleTestNGProjectWithCICD.SimpleTestNGProjectWithCICD.AppTest" name="testInvalidUsername" time="0.264"/>
</testsuite> <!-- Default test -->
