<?xml version="1.0" encoding="UTF-8"?>
<testng-results ignored="0" total="1" passed="1" failed="0" skipped="0">
  <reporter-output>
  </reporter-output>
  <suite started-at="2025-12-10T14:45:17 IST" name="Default suite" finished-at="2025-12-10T14:45:44 IST" duration-ms="27228">
    <groups>
    </groups>
    <test started-at="2025-12-10T14:45:17 IST" name="Default test" finished-at="2025-12-10T14:45:44 IST" duration-ms="27228">
      <class name="SimpleTestNGProjectWithCICD.SimpleTestNGProjectWithCICD.AppTest">
        <test-method is-config="true" signature="setup()[pri:0, instance:SimpleTestNGProjectWithCICD.SimpleTestNGProjectWithCICD.AppTest@49e5f737]" started-at="2025-12-10T14:45:17 IST" name="setup" finished-at="2025-12-10T14:45:21 IST" duration-ms="4274" status="PASS">
          <reporter-output>
          </reporter-output>
        </test-method> <!-- setup -->
        <test-method signature="testSauceDemoFlow()[pri:0, instance:SimpleTestNGProjectWithCICD.SimpleTestNGProjectWithCICD.AppTest@49e5f737]" started-at="2025-12-10T14:45:21 IST" name="testSauceDemoFlow" finished-at="2025-12-10T14:45:42 IST" duration-ms="20654" status="PASS">
          <reporter-output>
          </reporter-output>
        </test-method> <!-- testSauceDemoFlow -->
        <test-method is-config="true" signature="teardown()[pri:0, instance:SimpleTestNGProjectWithCICD.SimpleTestNGProjectWithCICD.AppTest@49e5f737]" started-at="2025-12-10T14:45:42 IST" name="teardown" finished-at="2025-12-10T14:45:44 IST" duration-ms="2265" status="PASS">
          <reporter-output>
          </reporter-output>
        </test-method> <!-- teardown -->
      </class> <!-- SimpleTestNGProjectWithCICD.SimpleTestNGProjectWithCICD.AppTest -->
    </test> <!-- Default test -->
  </suite> <!-- Default suite -->
</testng-results>
