<?xml version="1.0" encoding="UTF-8"?>
<testng-results ignored="0" total="3" passed="3" failed="0" skipped="0">
  <reporter-output>
  </reporter-output>
  <suite started-at="2025-12-11T12:33:37 IST" name="Default suite" finished-at="2025-12-11T12:33:41 IST" duration-ms="4700">
    <groups>
    </groups>
    <test started-at="2025-12-11T12:33:37 IST" name="Default test" finished-at="2025-12-11T12:33:41 IST" duration-ms="4700">
      <class name="SimpleTestNGProjectWithCICD.SimpleTestNGProjectWithCICD.AppTest">
        <test-method is-config="true" signature="setup()[pri:0, instance:SimpleTestNGProjectWithCICD.SimpleTestNGProjectWithCICD.AppTest@757277dc]" started-at="2025-12-11T12:33:37 IST" name="setup" finished-at="2025-12-11T12:33:40 IST" duration-ms="2819" status="PASS">
          <reporter-output>
          </reporter-output>
        </test-method> <!-- setup -->
        <test-method signature="testValidCheckoutFlow()[pri:1, instance:SimpleTestNGProjectWithCICD.SimpleTestNGProjectWithCICD.AppTest@757277dc]" started-at="2025-12-11T12:33:40 IST" name="testValidCheckoutFlow" finished-at="2025-12-11T12:33:41 IST" duration-ms="1027" status="PASS">
          <reporter-output>
          </reporter-output>
        </test-method> <!-- testValidCheckoutFlow -->
        <test-method signature="testInvalidPassword()[pri:2, instance:SimpleTestNGProjectWithCICD.SimpleTestNGProjectWithCICD.AppTest@757277dc]" started-at="2025-12-11T12:33:41 IST" name="testInvalidPassword" finished-at="2025-12-11T12:33:41 IST" duration-ms="321" status="PASS">
          <reporter-output>
          </reporter-output>
        </test-method> <!-- testInvalidPassword -->
        <test-method signature="testInvalidUsername()[pri:3, instance:SimpleTestNGProjectWithCICD.SimpleTestNGProjectWithCICD.AppTest@757277dc]" started-at="2025-12-11T12:33:41 IST" name="testInvalidUsername" finished-at="2025-12-11T12:33:41 IST" duration-ms="264" status="PASS">
          <reporter-output>
          </reporter-output>
        </test-method> <!-- testInvalidUsername -->
        <test-method is-config="true" signature="teardown()[pri:0, instance:SimpleTestNGProjectWithCICD.SimpleTestNGProjectWithCICD.AppTest@757277dc]" started-at="2025-12-11T12:33:41 IST" name="teardown" finished-at="2025-12-11T12:33:41 IST" duration-ms="228" status="PASS">
          <reporter-output>
          </reporter-output>
        </test-method> <!-- teardown -->
      </class> <!-- SimpleTestNGProjectWithCICD.SimpleTestNGProjectWithCICD.AppTest -->
    </test> <!-- Default test -->
  </suite> <!-- Default suite -->
</testng-results>
