<?xml version="1.0" encoding="UTF-8"?>
<!-- Generated by org.testng.reporters.JUnitReportReporter -->
<testsuite hostname="Ajit" failures="0" tests="3" name="SimpleTestNGProjectWithCICD.SimpleTestNGProjectWithCICD.AppTest" time="1.612" errors="0" timestamp="2025-12-11T12:33:42 IST" skipped="0">
  <testcase classname="SimpleTestNGProjectWithCICD.SimpleTestNGProjectWithCICD.AppTest" name="testValidCheckoutFlow" time="1.027"/>
  <testcase classname="SimpleTestNGProjectWithCICD.SimpleTestNGProjectWithCICD.AppTest" name="testInvalidPassword" time="0.321"/>
  <testcase classname="SimpleTestNGProjectWithCICD.SimpleTestNGProjectWithCICD.AppTest" name="testInvalidUsername" time="0.264"/>
</testsuite> <!-- SimpleTestNGProjectWithCICD.SimpleTestNGProjectWithCICD.AppTest -->
