<?xml version="1.0" encoding="UTF-8"?>
<!-- Generated by org.testng.reporters.JUnitReportReporter -->
<testsuite hostname="Ajit" failures="0" tests="3" name="SimpleTestNGProjectWithCICD.SimpleTestNGProjectWithCICD.AppTest" time="1.813" errors="0" timestamp="2025-12-12T12:34:44 IST" skipped="0">
  <testcase classname="SimpleTestNGProjectWithCICD.SimpleTestNGProjectWithCICD.AppTest" name="testValidCheckoutFlow" time="1.076"/>
  <testcase classname="SimpleTestNGProjectWithCICD.SimpleTestNGProjectWithCICD.AppTest" name="testInvalidPassword" time="0.363"/>
  <testcase classname="SimpleTestNGProjectWithCICD.SimpleTestNGProjectWithCICD.AppTest" name="testInvalidUsername" time="0.374"/>
</testsuite> <!-- SimpleTestNGProjectWithCICD.SimpleTestNGProjectWithCICD.AppTest -->
